<?xml version="1.0" encoding="UTF-8"?>
<!-- Generated by org.testng.reporters.JUnitReportReporter -->
<testsuite hostname="DESKTOP-D3V7LUR" failures="0" tests="1" name="seleniumpractices.SoftAssertionsInTestNg" time="9.812" errors="0" timestamp="2025-03-06T09:18:02 IST" skipped="0">
  <testcase classname="seleniumpractices.SoftAssertionsInTestNg" name="verifyHomePageFunctinality" time="9.812"/>
  <system-out/>
</testsuite> <!-- seleniumpractices.SoftAssertionsInTestNg -->
