<?xml version="1.0" encoding="UTF-8"?>
<!-- Generated by org.testng.reporters.JUnitReportReporter -->
<testsuite hostname="DESKTOP-D3V7LUR" failures="0" tests="1" name="testcases.VerifyOnlyForTestingDetails" time="25.673" errors="0" timestamp="2025-03-09T14:46:44 IST" skipped="0">
  <testcase classname="testcases.VerifyOnlyForTestingDetails" name="verifyOnlyForTestingDetails" time="25.673"/>
  <system-out/>
</testsuite> <!-- testcases.VerifyOnlyForTestingDetails -->
