<?xml version="1.0" encoding="UTF-8"?>
<!-- Generated by org.testng.reporters.JUnitReportReporter -->
<testsuite hostname="DESKTOP-D3V7LUR" failures="0" tests="3" name="seleniumpractices.TestcasePriority" time="14.667" errors="0" timestamp="2025-02-26T13:34:01 IST" skipped="0">
  <testcase classname="seleniumpractices.TestcasePriority" name="homePageTitle" time="3.652"/>
  <system-out/>
  <testcase classname="seleniumpractices.TestcasePriority" name="verifyHomePageUrl" time="3.755"/>
  <system-out/>
  <testcase classname="seleniumpractices.TestcasePriority" name="verifyValidLogin" time="7.260"/>
  <system-out/>
</testsuite> <!-- seleniumpractices.TestcasePriority -->
