<?xml version="1.0" encoding="UTF-8"?>
<!-- Generated by org.testng.reporters.JUnitReportReporter -->
<testsuite hostname="DESKTOP-D3V7LUR" failures="0" tests="1" name="seleniumpractices.TestNgAnnotations" time="0.022" errors="0" timestamp="2025-02-26T09:24:03 IST" skipped="0">
  <testcase classname="seleniumpractices.TestNgAnnotations" name="testCase" time="0.022"/>
  <system-out/>
</testsuite> <!-- seleniumpractices.TestNgAnnotations -->
