<?xml version="1.0" encoding="UTF-8"?>
<!-- Generated by org.testng.reporters.JUnitReportReporter -->
<testsuite hostname="DESKTOP-D3V7LUR" failures="0" tests="1" name="testcases.VerifyTableData" time="10.499" errors="0" timestamp="2025-03-08T14:40:20 IST" skipped="0">
  <testcase classname="testcases.VerifyTableData" name="verifyTableData" time="10.499"/>
  <system-out>
    <![CDATA[Test Case Started!!
Test Case Passed !!]]>
  </system-out>
</testsuite> <!-- testcases.VerifyTableData -->
