<?xml version="1.0" encoding="UTF-8"?>
<!-- Generated by org.testng.reporters.JUnitReportReporter -->
<testsuite hostname="DESKTOP-D3V7LUR" failures="0" tests="1" name="seleniumpractices.SoftAssertionsInTestNg" time="8.521" errors="0" timestamp="2025-03-04T12:18:26 IST" skipped="0">
  <testcase classname="seleniumpractices.SoftAssertionsInTestNg" name="verifyHomePageFunctinality" time="8.521"/>
  <system-out/>
</testsuite> <!-- seleniumpractices.SoftAssertionsInTestNg -->
