<?xml version="1.0" encoding="UTF-8"?>
<!-- Generated by org.testng.reporters.JUnitReportReporter -->
<testsuite hostname="DESKTOP-D3V7LUR" failures="0" tests="3" name="seleniumpractices.VerifyValidLogin" time="19.908" errors="0" timestamp="2025-02-25T23:45:48 IST" skipped="0">
  <testcase classname="seleniumpractices.VerifyValidLogin" name="verifyValidLogin" time="10.623"/>
  <system-out/>
  <testcase classname="seleniumpractices.VerifyValidLogin" name="verifyHomePageUrl" time="4.590"/>
  <system-out/>
  <testcase classname="seleniumpractices.VerifyValidLogin" name="verifyHomePageTitle" time="4.695"/>
  <system-out/>
</testsuite> <!-- seleniumpractices.VerifyValidLogin -->
