<?xml version="1.0" encoding="UTF-8"?>
<!-- Generated by org.testng.reporters.JUnitReportReporter -->
<testsuite hostname="DESKTOP-D3V7LUR" failures="0" tests="1" name="seleniumpractices.HardAssertInTestNg" time="8.370" errors="0" timestamp="2025-03-13T20:47:57 IST" skipped="0">
  <testcase classname="seleniumpractices.HardAssertInTestNg" name="verifyHomePageFunctinality" time="8.370"/>
  <system-out/>
</testsuite> <!-- seleniumpractices.HardAssertInTestNg -->
